<?xml version="1.0" encoding="utf-8"?><testsuites name="pytest tests"><testsuite name="pytest" errors="0" failures="0" skipped="0" tests="5" time="1.585" timestamp="2026-04-14T21:14:06.481990+00:00" hostname="agent-env-1ea33672-2462-41f8-a277-5368a763a70a"><testcase classname="tests.test_api.TestRootEndpoint" name="test_root_endpoint" time="0.288" /><testcase classname="tests.test_api.TestStatusEndpoints" name="test_create_status_check" time="0.280" /><testcase classname="tests.test_api.TestStatusEndpoints" name="test_get_status_checks" time="0.156" /><testcase classname="tests.test_api.TestGooglePhotosEndpoint" name="test_google_photos_with_valid_url" time="0.594" /><testcase classname="tests.test_api.TestGooglePhotosEndpoint" name="test_google_photos_missing_param" time="0.162" /></testsuite></testsuites>