<?xml version="1.0" encoding="utf-8"?><testsuites name="pytest tests"><testsuite name="pytest" errors="0" failures="0" skipped="0" tests="7" time="2.217" timestamp="2026-04-11T23:55:29.547376+00:00" hostname="agent-env-1e80fc20-8a30-445e-912b-9c5b50977656"><testcase classname="backend.tests.test_backend.TestStatus" name="test_get_status_returns_list" time="0.312" /><testcase classname="backend.tests.test_backend.TestStatus" name="test_post_status_creates_record" time="0.220" /><testcase classname="backend.tests.test_backend.TestStatus" name="test_root_endpoint" time="0.146" /><testcase classname="backend.tests.test_backend.TestGooglePhotos" name="test_google_photos_missing_param" time="0.143" /><testcase classname="backend.tests.test_backend.TestGooglePhotos" name="test_google_photos_returns_list" time="0.587" /><testcase classname="backend.tests.test_backend.TestGooglePhotos" name="test_google_photos_response_structure" time="0.484" /><testcase classname="backend.tests.test_backend.TestGooglePhotos" name="test_google_photos_invalid_url_returns_empty" time="0.237" /></testsuite></testsuites>